<?xml version="1.0" encoding="UTF-8"?>
<testsuites name="Mocha Tests" time="3.329" tests="2" failures="0">
  <testsuite name="Root Suite" timestamp="2022-11-27T14:47:45" tests="0" file="cypress/e2e/ui/board.feature" time="0.000" failures="0">
  </testsuite>
  <testsuite name="Create new board via UI" timestamp="2022-11-27T14:47:45" tests="2" time="3.299" failures="0">
    <testcase name="Create new board via UI Creating a board with valid input" time="0.932" classname="Creating a board with valid input">
    </testcase>
    <testcase name="Create new board via UI Creating a board with invalid input" time="0.415" classname="Creating a board with invalid input">
    </testcase>
  </testsuite>
</testsuites>